c:\users\marco\onedrive\documenti\visual studio 2022\projects\mcpu\mcpu_master\x64\debug\vc143.pdb
c:\users\marco\onedrive\documenti\visual studio 2022\projects\mcpu\mcpu_master\x64\debug\form1.obj
c:\users\marco\onedrive\documenti\visual studio 2022\projects\mcpu\mcpu_master\x64\debug\cppclr_winformsproject.obj
c:\users\marco\onedrive\documenti\visual studio 2022\projects\mcpu\mcpu_master\x64\debug\assemblyinfo.obj
c:\users\marco\onedrive\documenti\visual studio 2022\projects\mcpu\mcpu_master\x64\debug\.netframework,version=v4.7.2.assemblyattributes.obj
c:\users\marco\onedrive\documenti\visual studio 2022\projects\mcpu\mcpu_master\x64\debug\tcpipservercli.obj
c:\users\marco\onedrive\documenti\visual studio 2022\projects\mcpu\mcpu_master\x64\debug\awsprotocol.obj
c:\users\marco\onedrive\documenti\visual studio 2022\projects\mcpu\x64\debug\mcpu_master.exe
c:\users\marco\onedrive\documenti\visual studio 2022\projects\mcpu\x64\debug\mcpu_master.pdb
c:\users\marco\onedrive\documenti\visual studio 2022\projects\mcpu\mcpu_master\x64\debug\app.res
c:\users\marco\onedrive\documenti\visual studio 2022\projects\mcpu\mcpu_master\x64\debug\mcpu_master.tlog\cl.command.1.tlog
c:\users\marco\onedrive\documenti\visual studio 2022\projects\mcpu\mcpu_master\x64\debug\mcpu_master.tlog\cl.items.tlog
c:\users\marco\onedrive\documenti\visual studio 2022\projects\mcpu\mcpu_master\x64\debug\mcpu_master.tlog\cl.read.1.tlog
c:\users\marco\onedrive\documenti\visual studio 2022\projects\mcpu\mcpu_master\x64\debug\mcpu_master.tlog\cl.write.1.tlog
c:\users\marco\onedrive\documenti\visual studio 2022\projects\mcpu\mcpu_master\x64\debug\mcpu_master.tlog\link.command.1.tlog
c:\users\marco\onedrive\documenti\visual studio 2022\projects\mcpu\mcpu_master\x64\debug\mcpu_master.tlog\link.read.1.tlog
c:\users\marco\onedrive\documenti\visual studio 2022\projects\mcpu\mcpu_master\x64\debug\mcpu_master.tlog\link.write.1.tlog
c:\users\marco\onedrive\documenti\visual studio 2022\projects\mcpu\mcpu_master\x64\debug\mcpu_master.tlog\metagen.read.1.tlog
c:\users\marco\onedrive\documenti\visual studio 2022\projects\mcpu\mcpu_master\x64\debug\mcpu_master.tlog\metagen.write.1.tlog
c:\users\marco\onedrive\documenti\visual studio 2022\projects\mcpu\mcpu_master\x64\debug\mcpu_master.tlog\rc.command.1.tlog
c:\users\marco\onedrive\documenti\visual studio 2022\projects\mcpu\mcpu_master\x64\debug\mcpu_master.tlog\rc.read.1.tlog
c:\users\marco\onedrive\documenti\visual studio 2022\projects\mcpu\mcpu_master\x64\debug\mcpu_master.tlog\rc.write.1.tlog
